<?xml version="1.0" encoding="UTF-8"?>
<testsuite name="memory.MemoryFinderTest" tests="1" skipped="0" failures="0" errors="0" timestamp="2023-06-11T06:04:49" hostname="ijinhyeon-ui-MacBookAir.local" time="0.04">
  <properties/>
  <testcase name="get()" classname="memory.MemoryFinderTest" time="0.04"/>
  <system-out><![CDATA[memory = Memory{used=13373952, max=536870912}
]]></system-out>
  <system-err><![CDATA[]]></system-err>
</testsuite>
